{"level":"INFO","time":"2025-08-21 13:40:58.243","caller":"logger/logger.go:260","msg":"global info","method":"Info","traceId":"global-test"}
{"level":"WARN","time":"2025-08-21 13:40:58.243","caller":"logger/logger.go:272","msg":"global warn","method":"Warn","traceId":"global-test"}
{"level":"ERROR","time":"2025-08-21 13:40:58.244","caller":"logger/logger.go:264","msg":"global error","method":"Error","traceId":"global-test","stacktrace":"go-utils/logger.Error\n\t/Users/qingfeng/work/self/package/go-utils/logger/logger.go:264\ngo-utils/logger.TestGlobalMethods.func1\n\t/Users/qingfeng/work/self/package/go-utils/logger/logger_test.go:331\ntesting.tRunner\n\t/usr/local/go/src/testing/testing.go:1689"}
{"level":"INFO","time":"2025-08-21 13:40:58.244","caller":"logger/logger.go:276","msg":"global info: formatted","traceId":"global-test"}
{"level":"WARN","time":"2025-08-21 13:40:58.244","caller":"logger/logger.go:288","msg":"global warn: formatted","traceId":"global-test"}
{"level":"ERROR","time":"2025-08-21 13:40:58.244","caller":"logger/logger.go:280","msg":"global error: formatted","traceId":"global-test","stacktrace":"go-utils/logger.Errorf\n\t/Users/qingfeng/work/self/package/go-utils/logger/logger.go:280\ngo-utils/logger.TestGlobalMethods.func2\n\t/Users/qingfeng/work/self/package/go-utils/logger/logger_test.go:339\ntesting.tRunner\n\t/usr/local/go/src/testing/testing.go:1689"}
{"level":"INFO","time":"2025-08-21 13:41:56.716","caller":"logger/logger.go:260","msg":"global info","method":"Info","traceId":"global-test"}
{"level":"WARN","time":"2025-08-21 13:41:56.716","caller":"logger/logger.go:272","msg":"global warn","method":"Warn","traceId":"global-test"}
{"level":"ERROR","time":"2025-08-21 13:41:56.716","caller":"logger/logger.go:264","msg":"global error","method":"Error","traceId":"global-test","stacktrace":"go-utils/logger.Error\n\t/Users/qingfeng/work/self/package/go-utils/logger/logger.go:264\ngo-utils/logger.TestGlobalMethods.func1\n\t/Users/qingfeng/work/self/package/go-utils/logger/logger_test.go:331\ntesting.tRunner\n\t/usr/local/go/src/testing/testing.go:1689"}
{"level":"INFO","time":"2025-08-21 13:41:56.716","caller":"logger/logger.go:276","msg":"global info: formatted","traceId":"global-test"}
{"level":"WARN","time":"2025-08-21 13:41:56.716","caller":"logger/logger.go:288","msg":"global warn: formatted","traceId":"global-test"}
{"level":"ERROR","time":"2025-08-21 13:41:56.716","caller":"logger/logger.go:280","msg":"global error: formatted","traceId":"global-test","stacktrace":"go-utils/logger.Errorf\n\t/Users/qingfeng/work/self/package/go-utils/logger/logger.go:280\ngo-utils/logger.TestGlobalMethods.func2\n\t/Users/qingfeng/work/self/package/go-utils/logger/logger_test.go:339\ntesting.tRunner\n\t/usr/local/go/src/testing/testing.go:1689"}
{"level":"INFO","time":"2025-08-21 13:48:28.683","caller":"logger/logger.go:273","msg":"global info","method":"Info","traceId":"global-test"}
{"level":"WARN","time":"2025-08-21 13:48:28.683","caller":"logger/logger.go:285","msg":"global warn","method":"Warn","traceId":"global-test"}
{"level":"ERROR","time":"2025-08-21 13:48:28.683","caller":"logger/logger.go:277","msg":"global error","method":"Error","traceId":"global-test","stacktrace":"go-utils/logger.Error\n\t/Users/qingfeng/work/self/package/go-utils/logger/logger.go:277\ngo-utils/logger.TestGlobalMethods.func1\n\t/Users/qingfeng/work/self/package/go-utils/logger/logger_test.go:331\ntesting.tRunner\n\t/usr/local/go/src/testing/testing.go:1689"}
{"level":"INFO","time":"2025-08-21 13:48:28.683","caller":"logger/logger.go:289","msg":"global info: formatted","traceId":"global-test"}
{"level":"WARN","time":"2025-08-21 13:48:28.683","caller":"logger/logger.go:301","msg":"global warn: formatted","traceId":"global-test"}
{"level":"ERROR","time":"2025-08-21 13:48:28.683","caller":"logger/logger.go:293","msg":"global error: formatted","traceId":"global-test","stacktrace":"go-utils/logger.Errorf\n\t/Users/qingfeng/work/self/package/go-utils/logger/logger.go:293\ngo-utils/logger.TestGlobalMethods.func2\n\t/Users/qingfeng/work/self/package/go-utils/logger/logger_test.go:339\ntesting.tRunner\n\t/usr/local/go/src/testing/testing.go:1689"}
{"level":"INFO","time":"2025-08-21 13:49:45.174","caller":"logger/logger.go:278","msg":"global info","method":"Info","traceId":"global-test"}
{"level":"WARN","time":"2025-08-21 13:49:45.174","caller":"logger/logger.go:290","msg":"global warn","method":"Warn","traceId":"global-test"}
{"level":"ERROR","time":"2025-08-21 13:49:45.174","caller":"logger/logger.go:282","msg":"global error","method":"Error","traceId":"global-test","stacktrace":"go-utils/logger.Error\n\t/Users/qingfeng/work/self/package/go-utils/logger/logger.go:282\ngo-utils/logger.TestGlobalMethods.func1\n\t/Users/qingfeng/work/self/package/go-utils/logger/logger_test.go:331\ntesting.tRunner\n\t/usr/local/go/src/testing/testing.go:1689"}
{"level":"INFO","time":"2025-08-21 13:49:45.174","caller":"logger/logger.go:294","msg":"global info: formatted","traceId":"global-test"}
{"level":"WARN","time":"2025-08-21 13:49:45.174","caller":"logger/logger.go:306","msg":"global warn: formatted","traceId":"global-test"}
{"level":"ERROR","time":"2025-08-21 13:49:45.174","caller":"logger/logger.go:298","msg":"global error: formatted","traceId":"global-test","stacktrace":"go-utils/logger.Errorf\n\t/Users/qingfeng/work/self/package/go-utils/logger/logger.go:298\ngo-utils/logger.TestGlobalMethods.func2\n\t/Users/qingfeng/work/self/package/go-utils/logger/logger_test.go:339\ntesting.tRunner\n\t/usr/local/go/src/testing/testing.go:1689"}
{"level":"INFO","time":"2025-08-21 14:21:31.717","caller":"logger/logger.go:292","msg":"global info","method":"Info","traceId":"global-test"}
{"level":"WARN","time":"2025-08-21 14:21:31.717","caller":"logger/logger.go:304","msg":"global warn","method":"Warn","traceId":"global-test"}
{"level":"ERROR","time":"2025-08-21 14:21:31.717","caller":"logger/logger.go:296","msg":"global error","method":"Error","traceId":"global-test","stacktrace":"go-utils/logger.Error\n\t/Users/qingfeng/work/self/package/go-utils/logger/logger.go:296\ngo-utils/logger.TestGlobalMethods.func1\n\t/Users/qingfeng/work/self/package/go-utils/logger/logger_test.go:331\ntesting.tRunner\n\t/usr/local/go/src/testing/testing.go:1689"}
{"level":"INFO","time":"2025-08-21 14:21:31.717","caller":"logger/logger.go:308","msg":"global info: formatted","traceId":"global-test"}
{"level":"WARN","time":"2025-08-21 14:21:31.717","caller":"logger/logger.go:320","msg":"global warn: formatted","traceId":"global-test"}
{"level":"ERROR","time":"2025-08-21 14:21:31.717","caller":"logger/logger.go:312","msg":"global error: formatted","traceId":"global-test","stacktrace":"go-utils/logger.Errorf\n\t/Users/qingfeng/work/self/package/go-utils/logger/logger.go:312\ngo-utils/logger.TestGlobalMethods.func2\n\t/Users/qingfeng/work/self/package/go-utils/logger/logger_test.go:339\ntesting.tRunner\n\t/usr/local/go/src/testing/testing.go:1689"}
{"level":"INFO","time":"2025-08-21 14:28:58.156","caller":"logger/logger.go:292","msg":"global info","method":"Info","traceId":"global-test"}
{"level":"WARN","time":"2025-08-21 14:28:58.156","caller":"logger/logger.go:304","msg":"global warn","method":"Warn","traceId":"global-test"}
{"level":"ERROR","time":"2025-08-21 14:28:58.156","caller":"logger/logger.go:296","msg":"global error","method":"Error","traceId":"global-test","stacktrace":"go-utils/logger.Error\n\t/Users/qingfeng/work/self/package/go-utils/logger/logger.go:296\ngo-utils/logger.TestGlobalMethods.func1\n\t/Users/qingfeng/work/self/package/go-utils/logger/logger_test.go:331\ntesting.tRunner\n\t/usr/local/go/src/testing/testing.go:1689"}
{"level":"INFO","time":"2025-08-21 14:28:58.156","caller":"logger/logger.go:308","msg":"global info: formatted","traceId":"global-test"}
{"level":"WARN","time":"2025-08-21 14:28:58.156","caller":"logger/logger.go:320","msg":"global warn: formatted","traceId":"global-test"}
{"level":"ERROR","time":"2025-08-21 14:28:58.156","caller":"logger/logger.go:312","msg":"global error: formatted","traceId":"global-test","stacktrace":"go-utils/logger.Errorf\n\t/Users/qingfeng/work/self/package/go-utils/logger/logger.go:312\ngo-utils/logger.TestGlobalMethods.func2\n\t/Users/qingfeng/work/self/package/go-utils/logger/logger_test.go:339\ntesting.tRunner\n\t/usr/local/go/src/testing/testing.go:1689"}
{"level":"INFO","time":"2025-08-21 14:30:27.396","caller":"logger/logger.go:292","msg":"global info","method":"Info","traceId":"global-test"}
{"level":"WARN","time":"2025-08-21 14:30:27.397","caller":"logger/logger.go:304","msg":"global warn","method":"Warn","traceId":"global-test"}
{"level":"ERROR","time":"2025-08-21 14:30:27.397","caller":"logger/logger.go:296","msg":"global error","method":"Error","traceId":"global-test","stacktrace":"go-utils/logger.Error\n\t/Users/qingfeng/work/self/package/go-utils/logger/logger.go:296\ngo-utils/logger.TestGlobalMethods.func1\n\t/Users/qingfeng/work/self/package/go-utils/logger/logger_test.go:331\ntesting.tRunner\n\t/usr/local/go/src/testing/testing.go:1689"}
{"level":"INFO","time":"2025-08-21 14:30:27.397","caller":"logger/logger.go:308","msg":"global info: formatted","traceId":"global-test"}
{"level":"WARN","time":"2025-08-21 14:30:27.397","caller":"logger/logger.go:320","msg":"global warn: formatted","traceId":"global-test"}
{"level":"ERROR","time":"2025-08-21 14:30:27.397","caller":"logger/logger.go:312","msg":"global error: formatted","traceId":"global-test","stacktrace":"go-utils/logger.Errorf\n\t/Users/qingfeng/work/self/package/go-utils/logger/logger.go:312\ngo-utils/logger.TestGlobalMethods.func2\n\t/Users/qingfeng/work/self/package/go-utils/logger/logger_test.go:339\ntesting.tRunner\n\t/usr/local/go/src/testing/testing.go:1689"}
{"level":"INFO","time":"2025-08-21 14:37:11.284","caller":"logger/logger.go:293","msg":"global info","method":"Info","traceId":"global-test"}
{"level":"WARN","time":"2025-08-21 14:37:11.289","caller":"logger/logger.go:305","msg":"global warn","method":"Warn","traceId":"global-test"}
{"level":"ERROR","time":"2025-08-21 14:37:11.289","caller":"logger/logger.go:297","msg":"global error","method":"Error","traceId":"global-test","stacktrace":"go-utils/logger.Error\n\t/Users/qingfeng/work/self/package/go-utils/logger/logger.go:297\ngo-utils/logger.TestGlobalMethods.func1\n\t/Users/qingfeng/work/self/package/go-utils/logger/logger_test.go:331\ntesting.tRunner\n\t/usr/local/go/src/testing/testing.go:1689"}
{"level":"INFO","time":"2025-08-21 14:37:11.289","caller":"logger/logger.go:309","msg":"global info: formatted","traceId":"global-test"}
{"level":"WARN","time":"2025-08-21 14:37:11.290","caller":"logger/logger.go:321","msg":"global warn: formatted","traceId":"global-test"}
{"level":"ERROR","time":"2025-08-21 14:37:11.290","caller":"logger/logger.go:313","msg":"global error: formatted","traceId":"global-test","stacktrace":"go-utils/logger.Errorf\n\t/Users/qingfeng/work/self/package/go-utils/logger/logger.go:313\ngo-utils/logger.TestGlobalMethods.func2\n\t/Users/qingfeng/work/self/package/go-utils/logger/logger_test.go:339\ntesting.tRunner\n\t/usr/local/go/src/testing/testing.go:1689"}
{"level":"INFO","time":"2025-08-21 15:08:49.216","caller":"logger/logger.go:287","msg":"global info","method":"Info","traceId":"global-test"}
{"level":"WARN","time":"2025-08-21 15:08:49.216","caller":"logger/logger.go:299","msg":"global warn","method":"Warn","traceId":"global-test"}
{"level":"ERROR","time":"2025-08-21 15:08:49.216","caller":"logger/logger.go:291","msg":"global error","method":"Error","traceId":"global-test","stacktrace":"go-utils/logger.Error\n\t/Users/qingfeng/work/self/package/go-utils/logger/logger.go:291\ngo-utils/logger.TestGlobalMethods.func1\n\t/Users/qingfeng/work/self/package/go-utils/logger/logger_test.go:331\ntesting.tRunner\n\t/usr/local/go/src/testing/testing.go:1689"}
{"level":"INFO","time":"2025-08-21 15:08:49.216","caller":"logger/logger.go:303","msg":"global info: formatted","traceId":"global-test"}
{"level":"WARN","time":"2025-08-21 15:08:49.216","caller":"logger/logger.go:315","msg":"global warn: formatted","traceId":"global-test"}
{"level":"ERROR","time":"2025-08-21 15:08:49.216","caller":"logger/logger.go:307","msg":"global error: formatted","traceId":"global-test","stacktrace":"go-utils/logger.Errorf\n\t/Users/qingfeng/work/self/package/go-utils/logger/logger.go:307\ngo-utils/logger.TestGlobalMethods.func2\n\t/Users/qingfeng/work/self/package/go-utils/logger/logger_test.go:339\ntesting.tRunner\n\t/usr/local/go/src/testing/testing.go:1689"}
{"level":"INFO","time":"2025-08-21 15:09:13.723","caller":"logger/logger.go:287","msg":"global info","method":"Info","traceId":"global-test"}
{"level":"WARN","time":"2025-08-21 15:09:13.723","caller":"logger/logger.go:299","msg":"global warn","method":"Warn","traceId":"global-test"}
{"level":"ERROR","time":"2025-08-21 15:09:13.723","caller":"logger/logger.go:291","msg":"global error","method":"Error","traceId":"global-test","stacktrace":"go-utils/logger.Error\n\t/Users/qingfeng/work/self/package/go-utils/logger/logger.go:291\ngo-utils/logger.TestGlobalMethods.func1\n\t/Users/qingfeng/work/self/package/go-utils/logger/logger_test.go:331\ntesting.tRunner\n\t/usr/local/go/src/testing/testing.go:1689"}
{"level":"INFO","time":"2025-08-21 15:09:13.723","caller":"logger/logger.go:303","msg":"global info: formatted","traceId":"global-test"}
{"level":"WARN","time":"2025-08-21 15:09:13.723","caller":"logger/logger.go:315","msg":"global warn: formatted","traceId":"global-test"}
{"level":"ERROR","time":"2025-08-21 15:09:13.723","caller":"logger/logger.go:307","msg":"global error: formatted","traceId":"global-test","stacktrace":"go-utils/logger.Errorf\n\t/Users/qingfeng/work/self/package/go-utils/logger/logger.go:307\ngo-utils/logger.TestGlobalMethods.func2\n\t/Users/qingfeng/work/self/package/go-utils/logger/logger_test.go:339\ntesting.tRunner\n\t/usr/local/go/src/testing/testing.go:1689"}
{"level":"INFO","time":"2025-08-21 15:10:06.433","caller":"logger/logger.go:287","msg":"global info","method":"Info","traceId":"global-test"}
{"level":"WARN","time":"2025-08-21 15:10:06.433","caller":"logger/logger.go:299","msg":"global warn","method":"Warn","traceId":"global-test"}
{"level":"ERROR","time":"2025-08-21 15:10:06.433","caller":"logger/logger.go:291","msg":"global error","method":"Error","traceId":"global-test","stacktrace":"go-utils/logger.Error\n\t/Users/qingfeng/work/self/package/go-utils/logger/logger.go:291\ngo-utils/logger.TestGlobalMethods.func1\n\t/Users/qingfeng/work/self/package/go-utils/logger/logger_test.go:332\ntesting.tRunner\n\t/usr/local/go/src/testing/testing.go:1689"}
{"level":"INFO","time":"2025-08-21 15:10:06.433","caller":"logger/logger.go:303","msg":"global info: formatted","traceId":"global-test"}
{"level":"WARN","time":"2025-08-21 15:10:06.433","caller":"logger/logger.go:315","msg":"global warn: formatted","traceId":"global-test"}
{"level":"ERROR","time":"2025-08-21 15:10:06.433","caller":"logger/logger.go:307","msg":"global error: formatted","traceId":"global-test","stacktrace":"go-utils/logger.Errorf\n\t/Users/qingfeng/work/self/package/go-utils/logger/logger.go:307\ngo-utils/logger.TestGlobalMethods.func2\n\t/Users/qingfeng/work/self/package/go-utils/logger/logger_test.go:340\ntesting.tRunner\n\t/usr/local/go/src/testing/testing.go:1689"}
{"level":"INFO","time":"2025-08-21 15:10:12.135","caller":"logger/logger.go:287","msg":"global info","method":"Info","traceId":"global-test"}
{"level":"WARN","time":"2025-08-21 15:10:12.135","caller":"logger/logger.go:299","msg":"global warn","method":"Warn","traceId":"global-test"}
{"level":"ERROR","time":"2025-08-21 15:10:12.135","caller":"logger/logger.go:291","msg":"global error","method":"Error","traceId":"global-test","stacktrace":"go-utils/logger.Error\n\t/Users/qingfeng/work/self/package/go-utils/logger/logger.go:291\ngo-utils/logger.TestGlobalMethods.func1\n\t/Users/qingfeng/work/self/package/go-utils/logger/logger_test.go:332\ntesting.tRunner\n\t/usr/local/go/src/testing/testing.go:1689"}
{"level":"INFO","time":"2025-08-21 15:10:12.135","caller":"logger/logger.go:303","msg":"global info: formatted","traceId":"global-test"}
{"level":"WARN","time":"2025-08-21 15:10:12.135","caller":"logger/logger.go:315","msg":"global warn: formatted","traceId":"global-test"}
{"level":"ERROR","time":"2025-08-21 15:10:12.135","caller":"logger/logger.go:307","msg":"global error: formatted","traceId":"global-test","stacktrace":"go-utils/logger.Errorf\n\t/Users/qingfeng/work/self/package/go-utils/logger/logger.go:307\ngo-utils/logger.TestGlobalMethods.func2\n\t/Users/qingfeng/work/self/package/go-utils/logger/logger_test.go:340\ntesting.tRunner\n\t/usr/local/go/src/testing/testing.go:1689"}
